[2026-04-21 17:47:46,587][read_and_save_tool.py 52][INFO]: ConfigTools 初始化完成，当前环境：test，配置节：TEST_CONFIG
[2026-04-21 17:47:46,892][execute.py 33][INFO]: 环境已切换至：test（配置节：TEST_CONFIG）
[2026-04-21 17:47:46,893][conftest.py 49][INFO]: ---测试开始---执行的是 test 环境
[2026-04-21 17:47:46,920][conftest.py 84][INFO]: ---前置处理器开始---
[2026-04-21 17:47:46,920][login.py 57][INFO]: 开始执行登录测试: Login_page-登陆成功
[2026-04-21 17:47:46,944][excel_tools.py 405][INFO]: 更新测试用例结果: Login_page - 登陆成功 - {"loginMethod": "email", "password": "53bfef360f0c4e9d70cc1e6b262e24f1", "email": "rayn.zhou@alloyx.com", "laissezPasser": false}
[2026-04-21 17:47:46,944][simple_request.py 384][INFO]: Making POST request to https://ax-api.pertest.tech/web/user/login
[2026-04-21 17:47:46,944][simple_request.py 386][INFO]: Request data: {
  "loginMethod": "email",
  "password": "53bfef360f0c4e9d70cc1e6b262e24f1",
  "email": "rayn.zhou@alloyx.com",
  "laissezPasser": false
}
[2026-04-21 17:47:48,334][login.py 81][INFO]: 登录成功，获取到的accessToken: eyJhbGciOiJIUzI1NiIsInR5cCI6IkpXVCJ9.eyJ1c2VySWQiOiJjM2U3M2E5Ny0wMjgzLTQzZmQtODZmMC1hMGJkOWQ5NGZmNWYiLCJhY2NvdW50SWQiOiI5MjlmZjE3NS1lMjZiLTQzYWQtYmEwMi00Njc3NTZiZmY4NjciLCJsb2dpblRpbWUiOjE3NzY3NjQ4NjgwOTksImxvZ2luVHlwZSI6IndlYiIsImlhdCI6MTc3Njc2NDg2OCwiZXhwIjoxNzc2Nzg2NDY4fQ.Dirf4ZDZMRl36YVObx62ghrtGoTJfc6B4QrSAKFl1rs
[2026-04-21 17:47:48,335][conftest.py 103][DEBUG]: 更新后的请求头: {'Content-Type': 'application/json', 'accept-language': 'zh-cn', 'accept': 'application/json', 'authorization': 'Bearer eyJhbGciOiJIUzI1NiIsInR5cCI6IkpXVCJ9.eyJ1c2VySWQiOiJjM2U3M2E5Ny0wMjgzLTQzZmQtODZmMC1hMGJkOWQ5NGZmNWYiLCJhY2NvdW50SWQiOiI5MjlmZjE3NS1lMjZiLTQzYWQtYmEwMi00Njc3NTZiZmY4NjciLCJsb2dpblRpbWUiOjE3NzY3NjQ4NjgwOTksImxvZ2luVHlwZSI6IndlYiIsImlhdCI6MTc3Njc2NDg2OCwiZXhwIjoxNzc2Nzg2NDY4fQ.Dirf4ZDZMRl36YVObx62ghrtGoTJfc6B4QrSAKFl1rs'}
[2026-04-21 17:47:48,338][excel_tools.py 405][INFO]: 更新测试用例结果: Approval - 获取审批列表 - {}
[2026-04-21 17:47:48,338][simple_request.py 384][INFO]: Making GET request to https://ax-api.pertest.tech/web/trx/risk-approval?order_by_created_at=desc&status=pending&is_init=false
[2026-04-21 17:47:50,031][approval.py 27][INFO]: 获取的审批数据为:{'total': 21, 'list': [{'id': 'fbd3ea9f-611f-4337-b995-63b482b3ef47', 'source_id': '6afbf950-3f86-4d91-9bbd-d7e26358be8a', 'step': 1, 'approver_id': 'c3e73a97-0283-43fd-86f0-a0bd9d94ff5f', 'status': 'pending', 'init_created_at': '2026-04-20T06:57:44.212Z', 'init_approver_id': '24e5490a-e481-409f-8f11-1798e6c1b7c7', 'init_approver_name': 'rayn zhou', 'lasted_status': 'pending', 'lasted_completed_at': None}, {'id': '01fb8f3c-1eb9-40cf-9b1a-27c333668e9c', 'source_id': 'b72b9d64-2173-4b38-88f8-2e202c4df7c8', 'step': 1, 'approver_id': 'c3e73a97-0283-43fd-86f0-a0bd9d94ff5f', 'status': 'pending', 'init_created_at': '2026-04-20T02:42:39.470Z', 'init_approver_id': '24e5490a-e481-409f-8f11-1798e6c1b7c7', 'init_approver_name': 'rayn zhou', 'lasted_status': 'pending', 'lasted_completed_at': None}, {'id': 'f53d4be7-de4c-4c04-bc21-e4ceb483e125', 'source_id': '1db5c57d-c31e-4358-b4c7-0481677cd260', 'step': 1, 'approver_id': 'c3e73a97-0283-43fd-86f0-a0bd9d94ff5f', 'status': 'pending', 'init_created_at': '2026-04-02T06:44:05.550Z', 'init_approver_id': '24e5490a-e481-409f-8f11-1798e6c1b7c7', 'init_approver_name': 'rayn zhou', 'lasted_status': 'pending', 'lasted_completed_at': None}, {'id': 'efdaadd5-fadd-43a2-81d0-3747a76fdcac', 'source_id': '247d5ed5-714a-42f6-9eb9-13fd01718e09', 'step': 1, 'approver_id': 'c3e73a97-0283-43fd-86f0-a0bd9d94ff5f', 'status': 'pending', 'init_created_at': '2026-04-02T06:34:21.578Z', 'init_approver_id': '24e5490a-e481-409f-8f11-1798e6c1b7c7', 'init_approver_name': 'rayn zhou', 'lasted_status': 'pending', 'lasted_completed_at': None}, {'id': '2d0151f4-83af-4e3a-84eb-dd54768b022c', 'source_id': '4fe159b4-ccd8-415f-b2cb-3952e058bc97', 'step': 1, 'approver_id': 'c3e73a97-0283-43fd-86f0-a0bd9d94ff5f', 'status': 'pending', 'init_created_at': '2026-04-02T06:28:40.852Z', 'init_approver_id': '24e5490a-e481-409f-8f11-1798e6c1b7c7', 'init_approver_name': 'rayn zhou', 'lasted_status': 'pending', 'lasted_completed_at': None}, {'id': 'ccb9b34b-dc14-489e-a5aa-55c7de94d6c3', 'source_id': '6eced15e-caa0-4623-9097-cc9b5a75ac65', 'step': 1, 'approver_id': 'c3e73a97-0283-43fd-86f0-a0bd9d94ff5f', 'status': 'pending', 'init_created_at': '2026-04-02T06:27:24.456Z', 'init_approver_id': '24e5490a-e481-409f-8f11-1798e6c1b7c7', 'init_approver_name': 'rayn zhou', 'lasted_status': 'pending', 'lasted_completed_at': None}, {'id': '5b4d5ce3-1ebf-4e0b-a8a5-964f434de2ed', 'source_id': '2f8a4edf-abc0-44d9-854d-e68eb5aadf47', 'step': 1, 'approver_id': 'c3e73a97-0283-43fd-86f0-a0bd9d94ff5f', 'status': 'pending', 'init_created_at': '2026-04-02T06:08:20.440Z', 'init_approver_id': '86c83230-047d-4d89-8c5a-348abf826e29', 'init_approver_name': 'sunliu zhou', 'lasted_status': 'pending', 'lasted_completed_at': None}, {'id': '86e2c104-227f-4071-b0e4-fd9a17cf00e8', 'source_id': '99f74ecd-6e97-4424-9224-52d5a1b542c3', 'step': 1, 'approver_id': 'c3e73a97-0283-43fd-86f0-a0bd9d94ff5f', 'status': 'pending', 'init_created_at': '2026-04-02T02:49:02.629Z', 'init_approver_id': '24e5490a-e481-409f-8f11-1798e6c1b7c7', 'init_approver_name': 'rayn zhou', 'lasted_status': 'pending', 'lasted_completed_at': None}, {'id': 'e55519e6-8b44-4d32-80c2-cbcf408b09d6', 'source_id': '293b5dec-fac5-470b-9b0a-5a1bfa4867f6', 'step': 1, 'approver_id': 'c3e73a97-0283-43fd-86f0-a0bd9d94ff5f', 'status': 'pending', 'init_created_at': '2026-01-29T08:22:33.581Z', 'init_approver_id': 'c3e73a97-0283-43fd-86f0-a0bd9d94ff5f', 'init_approver_name': 'ryan zhou', 'lasted_status': 'pending', 'lasted_completed_at': None}, {'id': 'dfa3622b-d656-41cb-8e39-d26eb76df12a', 'source_id': '020a7b56-442d-4c40-805e-8c8976c0247c', 'step': 1, 'approver_id': 'c3e73a97-0283-43fd-86f0-a0bd9d94ff5f', 'status': 'pending', 'init_created_at': '2026-01-29T08:20:58.357Z', 'init_approver_id': 'c3e73a97-0283-43fd-86f0-a0bd9d94ff5f', 'init_approver_name': 'ryan zhou', 'lasted_status': 'pending', 'lasted_completed_at': None}], 'current': 10}
[2026-04-21 17:47:50,031][assert_tools.py 25][INFO]: 状态码断言成功：预期 200，实际 200
[2026-04-21 17:47:50,032][conftest.py 151][INFO]: 用例 test_approval.py::test_get_approval_list_for_pending 执行通过
[2026-04-21 17:47:50,033][conftest.py 52][INFO]: ---测试结束---test 环境执行完毕
[2026-04-21 17:47:52,575][read_and_save_tool.py 52][INFO]: ConfigTools 初始化完成，当前环境：test，配置节：TEST_CONFIG
[2026-04-21 17:47:52,764][execute.py 33][INFO]: 环境已切换至：test（配置节：TEST_CONFIG）
[2026-04-21 17:47:52,764][conftest.py 49][INFO]: ---测试开始---执行的是 test 环境
[2026-04-21 17:47:52,789][conftest.py 84][INFO]: ---前置处理器开始---
[2026-04-21 17:47:52,789][login.py 57][INFO]: 开始执行登录测试: Login_page-登陆成功
[2026-04-21 17:47:52,813][excel_tools.py 405][INFO]: 更新测试用例结果: Login_page - 登陆成功 - {"loginMethod": "email", "password": "53bfef360f0c4e9d70cc1e6b262e24f1", "email": "rayn.zhou@alloyx.com", "laissezPasser": false}
[2026-04-21 17:47:52,813][simple_request.py 384][INFO]: Making POST request to https://ax-api.pertest.tech/web/user/login
[2026-04-21 17:47:52,813][simple_request.py 386][INFO]: Request data: {
  "loginMethod": "email",
  "password": "53bfef360f0c4e9d70cc1e6b262e24f1",
  "email": "rayn.zhou@alloyx.com",
  "laissezPasser": false
}
[2026-04-21 17:47:54,264][login.py 81][INFO]: 登录成功，获取到的accessToken: eyJhbGciOiJIUzI1NiIsInR5cCI6IkpXVCJ9.eyJ1c2VySWQiOiJjM2U3M2E5Ny0wMjgzLTQzZmQtODZmMC1hMGJkOWQ5NGZmNWYiLCJhY2NvdW50SWQiOiI5MjlmZjE3NS1lMjZiLTQzYWQtYmEwMi00Njc3NTZiZmY4NjciLCJsb2dpblRpbWUiOjE3NzY3NjQ4NzQwMjQsImxvZ2luVHlwZSI6IndlYiIsImlhdCI6MTc3Njc2NDg3NCwiZXhwIjoxNzc2Nzg2NDc0fQ.WvMDvwZaAAS86ERgsavvOFgnErahdi4mH0PSPenIv_o
[2026-04-21 17:47:54,265][conftest.py 103][DEBUG]: 更新后的请求头: {'Content-Type': 'application/json', 'accept-language': 'zh-cn', 'accept': 'application/json', 'authorization': 'Bearer eyJhbGciOiJIUzI1NiIsInR5cCI6IkpXVCJ9.eyJ1c2VySWQiOiJjM2U3M2E5Ny0wMjgzLTQzZmQtODZmMC1hMGJkOWQ5NGZmNWYiLCJhY2NvdW50SWQiOiI5MjlmZjE3NS1lMjZiLTQzYWQtYmEwMi00Njc3NTZiZmY4NjciLCJsb2dpblRpbWUiOjE3NzY3NjQ4NzQwMjQsImxvZ2luVHlwZSI6IndlYiIsImlhdCI6MTc3Njc2NDg3NCwiZXhwIjoxNzc2Nzg2NDc0fQ.WvMDvwZaAAS86ERgsavvOFgnErahdi4mH0PSPenIv_o'}
[2026-04-21 17:47:54,272][excel_tools.py 409][ERROR]: 更新测试用例结果失败: 未找到用例名称 '获取已办列表'
[2026-04-21 17:47:54,272][approval.py 65][ERROR]: 详情失败: 未找到用例名称 '获取已办列表'
[2026-04-21 17:47:54,304][conftest.py 149][ERROR]: 用例 test_approval.py::test_get_approval_list_for_approved 执行失败！
[2026-04-21 17:47:54,305][conftest.py 52][INFO]: ---测试结束---test 环境执行完毕
[2026-04-21 17:57:20,056][read_and_save_tool.py 52][INFO]: ConfigTools 初始化完成，当前环境：test，配置节：TEST_CONFIG
[2026-04-21 17:57:20,275][execute.py 33][INFO]: 环境已切换至：test（配置节：TEST_CONFIG）
[2026-04-21 17:57:20,276][conftest.py 49][INFO]: ---测试开始---执行的是 test 环境
[2026-04-21 17:57:20,302][conftest.py 84][INFO]: ---前置处理器开始---
[2026-04-21 17:57:20,302][login.py 57][INFO]: 开始执行登录测试: Login_page-登陆成功
[2026-04-21 17:57:20,326][excel_tools.py 405][INFO]: 更新测试用例结果: Login_page - 登陆成功 - {"loginMethod": "email", "password": "53bfef360f0c4e9d70cc1e6b262e24f1", "email": "rayn.zhou@alloyx.com", "laissezPasser": false}
[2026-04-21 17:57:20,326][simple_request.py 384][INFO]: Making POST request to https://ax-api.pertest.tech/web/user/login
[2026-04-21 17:57:20,326][simple_request.py 386][INFO]: Request data: {
  "loginMethod": "email",
  "password": "53bfef360f0c4e9d70cc1e6b262e24f1",
  "email": "rayn.zhou@alloyx.com",
  "laissezPasser": false
}
[2026-04-21 17:57:22,118][login.py 81][INFO]: 登录成功，获取到的accessToken: eyJhbGciOiJIUzI1NiIsInR5cCI6IkpXVCJ9.eyJ1c2VySWQiOiJjM2U3M2E5Ny0wMjgzLTQzZmQtODZmMC1hMGJkOWQ5NGZmNWYiLCJhY2NvdW50SWQiOiI5MjlmZjE3NS1lMjZiLTQzYWQtYmEwMi00Njc3NTZiZmY4NjciLCJsb2dpblRpbWUiOjE3NzY3NjU0NDE4NzIsImxvZ2luVHlwZSI6IndlYiIsImlhdCI6MTc3Njc2NTQ0MSwiZXhwIjoxNzc2Nzg3MDQxfQ.gAGf5JB1h8eG5Wba8ZoHtElh7WEnSxXFHSLLknrNhRU
[2026-04-21 17:57:22,119][conftest.py 103][DEBUG]: 更新后的请求头: {'Content-Type': 'application/json', 'accept-language': 'zh-cn', 'accept': 'application/json', 'authorization': 'Bearer eyJhbGciOiJIUzI1NiIsInR5cCI6IkpXVCJ9.eyJ1c2VySWQiOiJjM2U3M2E5Ny0wMjgzLTQzZmQtODZmMC1hMGJkOWQ5NGZmNWYiLCJhY2NvdW50SWQiOiI5MjlmZjE3NS1lMjZiLTQzYWQtYmEwMi00Njc3NTZiZmY4NjciLCJsb2dpblRpbWUiOjE3NzY3NjU0NDE4NzIsImxvZ2luVHlwZSI6IndlYiIsImlhdCI6MTc3Njc2NTQ0MSwiZXhwIjoxNzc2Nzg3MDQxfQ.gAGf5JB1h8eG5Wba8ZoHtElh7WEnSxXFHSLLknrNhRU'}
[2026-04-21 17:57:22,121][excel_tools.py 405][INFO]: 更新测试用例结果: Approval - 获取已办列表 - {}
[2026-04-21 17:57:22,121][simple_request.py 384][INFO]: Making GET request to https://ax-api.pertest.tech/web/trx/risk-approval?order_by_created_at=desc&status=approved,rejected,failed&is_init=false
[2026-04-21 17:57:23,517][approval.py 59][INFO]: 获取的审批数据为:{'total': 37, 'list': [{'id': 'b54a594f-3f9d-45a9-9591-cd8c5904d965', 'source_id': '06278a5b-d76c-45ec-a91d-d3e4088623f1', 'step': 1, 'approver_id': 'c3e73a97-0283-43fd-86f0-a0bd9d94ff5f', 'status': 'rejected', 'init_created_at': '2026-04-20T07:59:20.357Z', 'init_approver_id': '24e5490a-e481-409f-8f11-1798e6c1b7c7', 'init_approver_name': 'rayn zhou', 'lasted_status': 'rejected', 'lasted_completed_at': '2026-04-21T08:57:23.894Z'}, {'id': '24d6ce2f-d967-453d-b578-87fdb2ae2ca0', 'source_id': 'b24a44f1-2145-44c7-ba24-504fd633707a', 'step': 1, 'approver_id': 'c3e73a97-0283-43fd-86f0-a0bd9d94ff5f', 'status': 'rejected', 'init_created_at': '2026-04-02T09:49:38.651Z', 'init_approver_id': 'c3e73a97-0283-43fd-86f0-a0bd9d94ff5f', 'init_approver_name': 'ryan zhou', 'lasted_status': 'rejected', 'lasted_completed_at': '2026-04-02T09:50:09.455Z'}, {'id': '621133d0-2ec8-4d6d-94f3-fa87936c90c7', 'source_id': '29aa9f9a-e179-4777-9962-d0b67ffd564c', 'step': 1, 'approver_id': 'c3e73a97-0283-43fd-86f0-a0bd9d94ff5f', 'status': 'approved', 'init_created_at': '2026-04-02T09:45:49.307Z', 'init_approver_id': '86c83230-047d-4d89-8c5a-348abf826e29', 'init_approver_name': 'sunliu zhou', 'lasted_status': 'approved', 'lasted_completed_at': '2026-04-02T09:49:13.944Z'}, {'id': '353ea2fa-61b9-457e-866f-339a3da6300f', 'source_id': 'aacc200f-4fe9-4f64-bf4c-b8262f5c3ee4', 'step': 1, 'approver_id': 'c3e73a97-0283-43fd-86f0-a0bd9d94ff5f', 'status': 'approved', 'init_created_at': '2026-04-02T06:45:28.093Z', 'init_approver_id': '24e5490a-e481-409f-8f11-1798e6c1b7c7', 'init_approver_name': 'rayn zhou', 'lasted_status': 'approved', 'lasted_completed_at': '2026-04-02T07:14:53.671Z'}, {'id': '9b3fb1dc-5932-409d-b1b7-d5475a8e5b65', 'source_id': '676f5a8d-d6f9-464c-b68a-6ef1b7fa8b32', 'step': 1, 'approver_id': 'c3e73a97-0283-43fd-86f0-a0bd9d94ff5f', 'status': 'approved', 'init_created_at': '2026-03-11T06:29:29.387Z', 'init_approver_id': 'c3e73a97-0283-43fd-86f0-a0bd9d94ff5f', 'init_approver_name': 'ryan zhou', 'lasted_status': 'approved', 'lasted_completed_at': '2026-03-11T06:29:49.709Z'}, {'id': '98c29834-ed5b-4f2c-85f5-9f2a4a9eb064', 'source_id': 'a75e2b70-db40-4597-a49d-09f954013a51', 'step': 1, 'approver_id': 'c3e73a97-0283-43fd-86f0-a0bd9d94ff5f', 'status': 'approved', 'init_created_at': '2026-03-11T06:28:21.898Z', 'init_approver_id': 'c3e73a97-0283-43fd-86f0-a0bd9d94ff5f', 'init_approver_name': 'ryan zhou', 'lasted_status': 'approved', 'lasted_completed_at': '2026-03-11T06:28:40.909Z'}, {'id': 'b6e7780e-6ebd-4102-a556-d72c070b36c4', 'source_id': '70e3fcda-790b-445f-83fd-bc45a35a8b1d', 'step': 1, 'approver_id': 'c3e73a97-0283-43fd-86f0-a0bd9d94ff5f', 'status': 'rejected', 'init_created_at': '2026-03-11T06:22:09.107Z', 'init_approver_id': 'c3e73a97-0283-43fd-86f0-a0bd9d94ff5f', 'init_approver_name': 'ryan zhou', 'lasted_status': 'rejected', 'lasted_completed_at': '2026-03-11T06:22:24.046Z'}, {'id': 'bb075ca3-d4c6-49d6-a0c1-7e32ca13a946', 'source_id': 'f71af747-0d4a-44cc-a28c-fadb6e858476', 'step': 1, 'approver_id': 'c3e73a97-0283-43fd-86f0-a0bd9d94ff5f', 'status': 'failed', 'init_created_at': '2026-03-11T06:21:34.980Z', 'init_approver_id': 'c3e73a97-0283-43fd-86f0-a0bd9d94ff5f', 'init_approver_name': 'ryan zhou', 'lasted_status': 'failed', 'lasted_completed_at': None}, {'id': 'de7143ec-56a7-4438-b4c8-8fd1e0bf3c85', 'source_id': 'd399a323-6dc9-4d84-b7c3-390f57be85a8', 'step': 1, 'approver_id': 'c3e73a97-0283-43fd-86f0-a0bd9d94ff5f', 'status': 'failed', 'init_created_at': '2026-03-11T06:11:04.155Z', 'init_approver_id': 'c3e73a97-0283-43fd-86f0-a0bd9d94ff5f', 'init_approver_name': 'ryan zhou', 'lasted_status': 'failed', 'lasted_completed_at': '2026-03-11T06:11:17.502Z'}, {'id': 'e5a74ff0-206c-4494-9fbc-c494d35e7ccd', 'source_id': '3918e9a0-71a9-47dd-8f46-f40fd1373e64', 'step': 1, 'approver_id': 'c3e73a97-0283-43fd-86f0-a0bd9d94ff5f', 'status': 'failed', 'init_created_at': '2026-03-11T06:09:02.553Z', 'init_approver_id': 'c3e73a97-0283-43fd-86f0-a0bd9d94ff5f', 'init_approver_name': 'ryan zhou', 'lasted_status': 'failed', 'lasted_completed_at': None}], 'current': 10}
[2026-04-21 17:57:23,518][assert_tools.py 25][INFO]: 状态码断言成功：预期 200，实际 200
[2026-04-21 17:57:23,518][conftest.py 151][INFO]: 用例 test_approval.py::test_get_approval_list_for_approved 执行通过
[2026-04-21 17:57:23,519][conftest.py 52][INFO]: ---测试结束---test 环境执行完毕
[2026-04-21 18:01:59,344][read_and_save_tool.py 52][INFO]: ConfigTools 初始化完成，当前环境：test，配置节：TEST_CONFIG
[2026-04-21 18:01:59,560][execute.py 33][INFO]: 环境已切换至：test（配置节：TEST_CONFIG）
[2026-04-21 18:01:59,560][conftest.py 49][INFO]: ---测试开始---执行的是 test 环境
[2026-04-21 18:01:59,586][conftest.py 84][INFO]: ---前置处理器开始---
[2026-04-21 18:01:59,587][login.py 57][INFO]: 开始执行登录测试: Login_page-登陆成功
[2026-04-21 18:01:59,611][excel_tools.py 405][INFO]: 更新测试用例结果: Login_page - 登陆成功 - {"loginMethod": "email", "password": "53bfef360f0c4e9d70cc1e6b262e24f1", "email": "rayn.zhou@alloyx.com", "laissezPasser": false}
[2026-04-21 18:01:59,611][simple_request.py 384][INFO]: Making POST request to https://ax-api.pertest.tech/web/user/login
[2026-04-21 18:01:59,611][simple_request.py 386][INFO]: Request data: {
  "loginMethod": "email",
  "password": "53bfef360f0c4e9d70cc1e6b262e24f1",
  "email": "rayn.zhou@alloyx.com",
  "laissezPasser": false
}
[2026-04-21 18:02:01,036][login.py 81][INFO]: 登录成功，获取到的accessToken: eyJhbGciOiJIUzI1NiIsInR5cCI6IkpXVCJ9.eyJ1c2VySWQiOiJjM2U3M2E5Ny0wMjgzLTQzZmQtODZmMC1hMGJkOWQ5NGZmNWYiLCJhY2NvdW50SWQiOiI5MjlmZjE3NS1lMjZiLTQzYWQtYmEwMi00Njc3NTZiZmY4NjciLCJsb2dpblRpbWUiOjE3NzY3NjU3MjA3OTEsImxvZ2luVHlwZSI6IndlYiIsImlhdCI6MTc3Njc2NTcyMCwiZXhwIjoxNzc2Nzg3MzIwfQ.PzljQ0IGPdI3JLxilI4wf-J5CarST_j-V5_0mWRjXyE
[2026-04-21 18:02:01,037][conftest.py 103][DEBUG]: 更新后的请求头: {'Content-Type': 'application/json', 'accept-language': 'zh-cn', 'accept': 'application/json', 'authorization': 'Bearer eyJhbGciOiJIUzI1NiIsInR5cCI6IkpXVCJ9.eyJ1c2VySWQiOiJjM2U3M2E5Ny0wMjgzLTQzZmQtODZmMC1hMGJkOWQ5NGZmNWYiLCJhY2NvdW50SWQiOiI5MjlmZjE3NS1lMjZiLTQzYWQtYmEwMi00Njc3NTZiZmY4NjciLCJsb2dpblRpbWUiOjE3NzY3NjU3MjA3OTEsImxvZ2luVHlwZSI6IndlYiIsImlhdCI6MTc3Njc2NTcyMCwiZXhwIjoxNzc2Nzg3MzIwfQ.PzljQ0IGPdI3JLxilI4wf-J5CarST_j-V5_0mWRjXyE'}
[2026-04-21 18:02:01,040][excel_tools.py 405][INFO]: 更新测试用例结果: Approval - 获取审批列表 - {}
[2026-04-21 18:02:01,040][simple_request.py 384][INFO]: Making GET request to https://ax-api.pertest.tech/web/trx/risk-approval?order_by_created_at=desc&status=pending&is_init=false
[2026-04-21 18:02:02,513][approval.py 27][INFO]: 获取的审批数据为:fbd3ea9f-611f-4337-b995-63b482b3ef47
[2026-04-21 18:02:02,513][assert_tools.py 25][INFO]: 状态码断言成功：预期 200，实际 200
[2026-04-21 18:02:02,514][conftest.py 151][INFO]: 用例 test_approval.py::test_get_approval_list_for_pending 执行通过
[2026-04-21 18:02:02,514][conftest.py 52][INFO]: ---测试结束---test 环境执行完毕
