[2026-01-07 14:47:27,398][read_and_save_tool.py 52][INFO]: ConfigTools 初始化完成，当前环境：test，配置节：TEST_CONFIG
[2026-01-07 14:47:27,666][execute.py 33][INFO]: 环境已切换至：test（配置节：TEST_CONFIG）
[2026-01-07 14:47:27,666][conftest.py 47][INFO]: ---测试开始---执行的是 test 环境
[2026-01-07 14:47:27,686][conftest.py 82][INFO]: ---前置处理器开始---
[2026-01-07 14:47:27,686][login.py 57][INFO]: 开始执行登录测试: Login_page-登陆成功
[2026-01-07 14:47:27,702][excel_tools.py 406][INFO]: 更新测试用例结果: Login_page - 登陆成功 - {"loginMethod": "email", "password": "53bfef360f0c4e9d70cc1e6b262e24f1", "email": "rayn.zhou@alloyx.com", "laissezPasser": false}
[2026-01-07 14:47:27,702][simple_request.py 384][INFO]: Making POST request to https://ax-api.pertest.tech/web/user/login
[2026-01-07 14:47:27,702][simple_request.py 386][INFO]: Request data: {
  "loginMethod": "email",
  "password": "53bfef360f0c4e9d70cc1e6b262e24f1",
  "email": "rayn.zhou@alloyx.com",
  "laissezPasser": false
}
[2026-01-07 14:47:29,458][login.py 81][INFO]: 登录成功，获取到的accessToken: eyJhbGciOiJIUzI1NiIsInR5cCI6IkpXVCJ9.eyJ1c2VySWQiOiJjM2U3M2E5Ny0wMjgzLTQzZmQtODZmMC1hMGJkOWQ5NGZmNWYiLCJhY2NvdW50SWQiOiI5MjlmZjE3NS1lMjZiLTQzYWQtYmEwMi00Njc3NTZiZmY4NjciLCJsb2dpblRpbWUiOjE3Njc3Njg0NDk0OTYsImxvZ2luVHlwZSI6IndlYiIsImlhdCI6MTc2Nzc2ODQ0OSwiZXhwIjoxNzY3NzkwMDQ5fQ.NOHqswfQIoIy07yrw_DDST6l_o3vF0V5iUOdkihXrmY
[2026-01-07 14:47:29,459][conftest.py 101][DEBUG]: 更新后的请求头: {'Content-Type': 'application/json', 'accept-language': 'zh-CN,zh;q=0.9,en-US;q=0.8,en;q=0.7,zh-TW;q=0.6', 'accept': 'application/json', 'authorization': 'Bearer eyJhbGciOiJIUzI1NiIsInR5cCI6IkpXVCJ9.eyJ1c2VySWQiOiJjM2U3M2E5Ny0wMjgzLTQzZmQtODZmMC1hMGJkOWQ5NGZmNWYiLCJhY2NvdW50SWQiOiI5MjlmZjE3NS1lMjZiLTQzYWQtYmEwMi00Njc3NTZiZmY4NjciLCJsb2dpblRpbWUiOjE3Njc3Njg0NDk0OTYsImxvZ2luVHlwZSI6IndlYiIsImlhdCI6MTc2Nzc2ODQ0OSwiZXhwIjoxNzY3NzkwMDQ5fQ.NOHqswfQIoIy07yrw_DDST6l_o3vF0V5iUOdkihXrmY'}
[2026-01-07 14:47:29,462][excel_tools.py 406][INFO]: 更新测试用例结果: Wallte_page - 钱包-获取法币收款地址列表 - {}
[2026-01-07 14:47:29,463][simple_request.py 384][INFO]: Making GET request to https://ax-api.pertest.tech/web/crypto/payee/fiat?currency=ZAR&payee_name=&page=1&take=100&status=active
[2026-01-07 14:47:30,196][pay_out.py 140][INFO]: 获取法币收款地址结果: 8917a645-b63d-4b75-a24c-dc7a5f5ebdd7
[2026-01-07 14:47:30,198][excel_tools.py 406][INFO]: 更新测试用例结果: Wallte_page - 获取加密货币到法币手续费 - {}
[2026-01-07 14:47:30,198][simple_request.py 384][INFO]: Making GET request to https://ax-api.pertest.tech/web/crypto/get-fiat-fee?id=8917a645-b63d-4b75-a24c-dc7a5f5ebdd7
[2026-01-07 14:47:30,411][pay_out.py 38][INFO]: 获取提现手续费结果: {'rate': {'HKDT': '7.7700077700077700078', 'USD': '1', 'NGN': '1457.7259475218658892', 'SGD': '1.2808804259695944604', 'HKD': '7.7876767802629119681', 'POL': '7.910391089735476522', 'USDT': '1.0009058197668890346', 'USDC': '1.000666443851605169', 'ETH': '0.00030802773416170090125', 'AXCNH': '7.1779264406098366304', 'AVAX': '0.069171366457517817334', 'XSGD': '1.2794759266604398838', 'ATUSD': '1', 'BNB': '0.0010960630952491237206', 'ATHKD': '7.7876767802629119681', 'TRX': '3.3930510314875135722'}, 'prorate': 0.001524, 'per_count': 0.016244, 'network_per_fee': '2.000000', 'network_prorate_fee': '0.010000'}
[2026-01-07 14:47:30,412][excel_tools.py 406][INFO]: 更新测试用例结果: Wallte_page - 获取pay_out汇率 - {}
[2026-01-07 14:47:30,412][simple_request.py 384][INFO]: Making GET request to https://ax-api.pertest.tech/web/crypto/get-fiat-rate?from_currency=USDT&to_currency=ZAR
[2026-01-07 14:47:31,041][pay_out.py 100][INFO]: 获取汇率结果: 16.8247598
[2026-01-07 14:47:31,042][conftest.py 149][INFO]: 用例 test_pay_out.py::test_pay_out_fee[USDT-ZAR-1000] 执行通过
[2026-01-07 14:47:31,044][conftest.py 50][INFO]: ---测试结束---test 环境执行完毕
[2026-01-07 14:53:53,264][read_and_save_tool.py 52][INFO]: ConfigTools 初始化完成，当前环境：test，配置节：TEST_CONFIG
[2026-01-07 14:53:53,439][execute.py 33][INFO]: 环境已切换至：test（配置节：TEST_CONFIG）
[2026-01-07 14:53:53,439][conftest.py 47][INFO]: ---测试开始---执行的是 test 环境
[2026-01-07 14:53:53,455][conftest.py 82][INFO]: ---前置处理器开始---
[2026-01-07 14:53:53,455][login.py 57][INFO]: 开始执行登录测试: Login_page-登陆成功
[2026-01-07 14:53:53,471][excel_tools.py 406][INFO]: 更新测试用例结果: Login_page - 登陆成功 - {"loginMethod": "email", "password": "53bfef360f0c4e9d70cc1e6b262e24f1", "email": "rayn.zhou@alloyx.com", "laissezPasser": false}
[2026-01-07 14:53:53,471][simple_request.py 384][INFO]: Making POST request to https://ax-api.pertest.tech/web/user/login
[2026-01-07 14:53:53,472][simple_request.py 386][INFO]: Request data: {
  "loginMethod": "email",
  "password": "53bfef360f0c4e9d70cc1e6b262e24f1",
  "email": "rayn.zhou@alloyx.com",
  "laissezPasser": false
}
[2026-01-07 14:53:55,246][login.py 81][INFO]: 登录成功，获取到的accessToken: eyJhbGciOiJIUzI1NiIsInR5cCI6IkpXVCJ9.eyJ1c2VySWQiOiJjM2U3M2E5Ny0wMjgzLTQzZmQtODZmMC1hMGJkOWQ5NGZmNWYiLCJhY2NvdW50SWQiOiI5MjlmZjE3NS1lMjZiLTQzYWQtYmEwMi00Njc3NTZiZmY4NjciLCJsb2dpblRpbWUiOjE3Njc3Njg4MzUyODIsImxvZ2luVHlwZSI6IndlYiIsImlhdCI6MTc2Nzc2ODgzNSwiZXhwIjoxNzY3NzkwNDM1fQ.-pxO0DB5za0ru9MbPa7-pptV9JZFD4idGp5U_6VNIRw
[2026-01-07 14:53:55,248][conftest.py 101][DEBUG]: 更新后的请求头: {'Content-Type': 'application/json', 'accept-language': 'zh-CN,zh;q=0.9,en-US;q=0.8,en;q=0.7,zh-TW;q=0.6', 'accept': 'application/json', 'authorization': 'Bearer eyJhbGciOiJIUzI1NiIsInR5cCI6IkpXVCJ9.eyJ1c2VySWQiOiJjM2U3M2E5Ny0wMjgzLTQzZmQtODZmMC1hMGJkOWQ5NGZmNWYiLCJhY2NvdW50SWQiOiI5MjlmZjE3NS1lMjZiLTQzYWQtYmEwMi00Njc3NTZiZmY4NjciLCJsb2dpblRpbWUiOjE3Njc3Njg4MzUyODIsImxvZ2luVHlwZSI6IndlYiIsImlhdCI6MTc2Nzc2ODgzNSwiZXhwIjoxNzY3NzkwNDM1fQ.-pxO0DB5za0ru9MbPa7-pptV9JZFD4idGp5U_6VNIRw'}
[2026-01-07 14:53:55,251][excel_tools.py 406][INFO]: 更新测试用例结果: Wallte_page - 钱包-获取法币收款地址列表 - {}
[2026-01-07 14:53:55,251][simple_request.py 384][INFO]: Making GET request to https://ax-api.pertest.tech/web/crypto/payee/fiat?currency=ZAR&payee_name=&page=1&take=100&status=active
[2026-01-07 14:53:56,008][pay_out.py 140][INFO]: 获取法币收款地址结果: 8917a645-b63d-4b75-a24c-dc7a5f5ebdd7
[2026-01-07 14:53:56,010][excel_tools.py 406][INFO]: 更新测试用例结果: Wallte_page - 获取加密货币到法币手续费 - {}
[2026-01-07 14:53:56,010][simple_request.py 384][INFO]: Making GET request to https://ax-api.pertest.tech/web/crypto/get-fiat-fee?id=8917a645-b63d-4b75-a24c-dc7a5f5ebdd7
[2026-01-07 14:53:56,241][pay_out.py 38][INFO]: 获取提现手续费结果: {'rate': {'HKDT': '7.7700077700077700078', 'USD': '1', 'NGN': '1457.7259475218658892', 'SGD': '1.2808804259695944604', 'HKD': '7.7876767802629119681', 'POL': '7.910391089735476522', 'USDT': '1.0009058197668890346', 'USDC': '1.000666443851605169', 'ETH': '0.00030802773416170090125', 'AXCNH': '7.1779264406098366304', 'AVAX': '0.069171366457517817334', 'XSGD': '1.2794759266604398838', 'ATUSD': '1', 'BNB': '0.0010960630952491237206', 'ATHKD': '7.7876767802629119681', 'TRX': '3.3930510314875135722'}, 'prorate': 0.001524, 'per_count': 0.016244, 'network_per_fee': '2.000000', 'network_prorate_fee': '0.010000'}
[2026-01-07 14:53:56,243][excel_tools.py 406][INFO]: 更新测试用例结果: Wallte_page - 获取pay_out汇率 - {}
[2026-01-07 14:53:56,243][simple_request.py 384][INFO]: Making GET request to https://ax-api.pertest.tech/web/crypto/get-fiat-rate?from_currency=USDT&to_currency=ZAR
[2026-01-07 14:53:57,334][pay_out.py 100][INFO]: 获取汇率结果: 16.8447417
[2026-01-07 14:53:57,335][conftest.py 149][INFO]: 用例 test_pay_out.py::test_pay_out_fee[USDT-ZAR-12] 执行通过
[2026-01-07 14:53:57,337][conftest.py 50][INFO]: ---测试结束---test 环境执行完毕
[2026-01-07 16:18:14,837][read_and_save_tool.py 52][INFO]: ConfigTools 初始化完成，当前环境：test，配置节：TEST_CONFIG
[2026-01-07 16:18:15,015][execute.py 33][INFO]: 环境已切换至：test（配置节：TEST_CONFIG）
[2026-01-07 16:18:15,016][conftest.py 47][INFO]: ---测试开始---执行的是 test 环境
[2026-01-07 16:18:15,033][conftest.py 82][INFO]: ---前置处理器开始---
[2026-01-07 16:18:15,033][login.py 57][INFO]: 开始执行登录测试: Login_page-登陆成功
[2026-01-07 16:18:15,048][excel_tools.py 406][INFO]: 更新测试用例结果: Login_page - 登陆成功 - {"loginMethod": "email", "password": "53bfef360f0c4e9d70cc1e6b262e24f1", "email": "rayn.zhou@alloyx.com", "laissezPasser": false}
[2026-01-07 16:18:15,048][simple_request.py 384][INFO]: Making POST request to https://ax-api.pertest.tech/web/user/login
[2026-01-07 16:18:15,048][simple_request.py 386][INFO]: Request data: {
  "loginMethod": "email",
  "password": "53bfef360f0c4e9d70cc1e6b262e24f1",
  "email": "rayn.zhou@alloyx.com",
  "laissezPasser": false
}
[2026-01-07 16:18:16,663][login.py 81][INFO]: 登录成功，获取到的accessToken: eyJhbGciOiJIUzI1NiIsInR5cCI6IkpXVCJ9.eyJ1c2VySWQiOiJjM2U3M2E5Ny0wMjgzLTQzZmQtODZmMC1hMGJkOWQ5NGZmNWYiLCJhY2NvdW50SWQiOiI5MjlmZjE3NS1lMjZiLTQzYWQtYmEwMi00Njc3NTZiZmY4NjciLCJsb2dpblRpbWUiOjE3Njc3NzM4OTY4NzUsImxvZ2luVHlwZSI6IndlYiIsImlhdCI6MTc2Nzc3Mzg5NiwiZXhwIjoxNzY3Nzk1NDk2fQ.ADDIrPcSyPmG_s-MFFcwgG8dN0K79YyiLtjWIrrXBrM
[2026-01-07 16:18:16,665][conftest.py 101][DEBUG]: 更新后的请求头: {'Content-Type': 'application/json', 'accept-language': 'zh-CN,zh;q=0.9,en-US;q=0.8,en;q=0.7,zh-TW;q=0.6', 'accept': 'application/json', 'authorization': 'Bearer eyJhbGciOiJIUzI1NiIsInR5cCI6IkpXVCJ9.eyJ1c2VySWQiOiJjM2U3M2E5Ny0wMjgzLTQzZmQtODZmMC1hMGJkOWQ5NGZmNWYiLCJhY2NvdW50SWQiOiI5MjlmZjE3NS1lMjZiLTQzYWQtYmEwMi00Njc3NTZiZmY4NjciLCJsb2dpblRpbWUiOjE3Njc3NzM4OTY4NzUsImxvZ2luVHlwZSI6IndlYiIsImlhdCI6MTc2Nzc3Mzg5NiwiZXhwIjoxNzY3Nzk1NDk2fQ.ADDIrPcSyPmG_s-MFFcwgG8dN0K79YyiLtjWIrrXBrM'}
[2026-01-07 16:18:16,668][excel_tools.py 406][INFO]: 更新测试用例结果: Wallte_page - 钱包-获取法币收款地址列表 - {}
[2026-01-07 16:18:16,668][simple_request.py 384][INFO]: Making GET request to https://ax-api.pertest.tech/web/crypto/payee/fiat?currency=UGX&payee_name=&page=1&take=100&status=active
[2026-01-07 16:18:17,132][pay_out.py 140][INFO]: 获取法币收款地址结果: a8e5f514-0016-4062-afef-7b86126a6506
[2026-01-07 16:18:17,133][excel_tools.py 406][INFO]: 更新测试用例结果: Wallte_page - 获取加密货币到法币手续费 - {}
[2026-01-07 16:18:17,133][simple_request.py 384][INFO]: Making GET request to https://ax-api.pertest.tech/web/crypto/get-fiat-fee?id=a8e5f514-0016-4062-afef-7b86126a6506
[2026-01-07 16:18:17,359][pay_out.py 38][INFO]: 获取提现手续费结果: {'rate': {'HKDT': '7.7700077700077700078', 'NGN': '1457.7259475218658892', 'AXCNH': '7.1779264406098366304', 'USD': '1', 'SGD': '1.2815567325942168471', 'HKD': '7.7885866051887563964', 'POL': '7.771638183612723726', 'USDT': '1.0009619244093573925', 'USDC': '1.0003811452163274207', 'XSGD': '1.2790946056743194897', 'ETH': '0.00030749421641738822391', 'ATUSD': '1', 'AVAX': '0.069057749819517570847', 'ATHKD': '7.7885866051887563964', 'BNB': '0.0010899550805750274275', 'TRX': '3.3946981604130668722'}, 'prorate': 0.001524, 'per_count': 0.016244, 'network_per_fee': 0, 'network_prorate_fee': 0}
[2026-01-07 16:18:17,360][excel_tools.py 406][INFO]: 更新测试用例结果: Wallte_page - 获取pay_out汇率 - {}
[2026-01-07 16:18:17,361][simple_request.py 384][INFO]: Making GET request to https://ax-api.pertest.tech/web/crypto/get-fiat-rate?from_currency=USDT&to_currency=UGX
[2026-01-07 16:18:17,950][pay_out.py 100][INFO]: 获取汇率结果: 3658.02126006
[2026-01-07 16:18:17,952][conftest.py 149][INFO]: 用例 test_pay_out.py::test_pay_out_fee[USDT-UGX-100] 执行通过
[2026-01-07 16:18:17,954][conftest.py 50][INFO]: ---测试结束---test 环境执行完毕
[2026-01-07 16:18:51,563][read_and_save_tool.py 52][INFO]: ConfigTools 初始化完成，当前环境：test，配置节：TEST_CONFIG
[2026-01-07 16:18:51,732][execute.py 33][INFO]: 环境已切换至：test（配置节：TEST_CONFIG）
[2026-01-07 16:18:51,732][conftest.py 47][INFO]: ---测试开始---执行的是 test 环境
[2026-01-07 16:18:51,750][conftest.py 82][INFO]: ---前置处理器开始---
[2026-01-07 16:18:51,750][login.py 57][INFO]: 开始执行登录测试: Login_page-登陆成功
[2026-01-07 16:18:51,767][excel_tools.py 406][INFO]: 更新测试用例结果: Login_page - 登陆成功 - {"loginMethod": "email", "password": "53bfef360f0c4e9d70cc1e6b262e24f1", "email": "rayn.zhou@alloyx.com", "laissezPasser": false}
[2026-01-07 16:18:51,767][simple_request.py 384][INFO]: Making POST request to https://ax-api.pertest.tech/web/user/login
[2026-01-07 16:18:51,767][simple_request.py 386][INFO]: Request data: {
  "loginMethod": "email",
  "password": "53bfef360f0c4e9d70cc1e6b262e24f1",
  "email": "rayn.zhou@alloyx.com",
  "laissezPasser": false
}
[2026-01-07 16:18:52,985][login.py 81][INFO]: 登录成功，获取到的accessToken: eyJhbGciOiJIUzI1NiIsInR5cCI6IkpXVCJ9.eyJ1c2VySWQiOiJjM2U3M2E5Ny0wMjgzLTQzZmQtODZmMC1hMGJkOWQ5NGZmNWYiLCJhY2NvdW50SWQiOiI5MjlmZjE3NS1lMjZiLTQzYWQtYmEwMi00Njc3NTZiZmY4NjciLCJsb2dpblRpbWUiOjE3Njc3NzM5MzMyMDAsImxvZ2luVHlwZSI6IndlYiIsImlhdCI6MTc2Nzc3MzkzMywiZXhwIjoxNzY3Nzk1NTMzfQ.C2Q2zuwX7_sCFS5SGHaDPUB1EAvYuuLPxSh1RxSjMN0
[2026-01-07 16:18:52,986][conftest.py 101][DEBUG]: 更新后的请求头: {'Content-Type': 'application/json', 'accept-language': 'zh-CN,zh;q=0.9,en-US;q=0.8,en;q=0.7,zh-TW;q=0.6', 'accept': 'application/json', 'authorization': 'Bearer eyJhbGciOiJIUzI1NiIsInR5cCI6IkpXVCJ9.eyJ1c2VySWQiOiJjM2U3M2E5Ny0wMjgzLTQzZmQtODZmMC1hMGJkOWQ5NGZmNWYiLCJhY2NvdW50SWQiOiI5MjlmZjE3NS1lMjZiLTQzYWQtYmEwMi00Njc3NTZiZmY4NjciLCJsb2dpblRpbWUiOjE3Njc3NzM5MzMyMDAsImxvZ2luVHlwZSI6IndlYiIsImlhdCI6MTc2Nzc3MzkzMywiZXhwIjoxNzY3Nzk1NTMzfQ.C2Q2zuwX7_sCFS5SGHaDPUB1EAvYuuLPxSh1RxSjMN0'}
[2026-01-07 16:18:52,989][excel_tools.py 406][INFO]: 更新测试用例结果: Wallte_page - 钱包-获取法币收款地址列表 - {}
[2026-01-07 16:18:52,989][simple_request.py 384][INFO]: Making GET request to https://ax-api.pertest.tech/web/crypto/payee/fiat?currency=UGX&payee_name=&page=1&take=100&status=active
[2026-01-07 16:18:53,401][pay_out.py 140][INFO]: 获取法币收款地址结果: a8e5f514-0016-4062-afef-7b86126a6506
[2026-01-07 16:18:53,403][excel_tools.py 406][INFO]: 更新测试用例结果: Wallte_page - 获取加密货币到法币手续费 - {}
[2026-01-07 16:18:53,403][simple_request.py 384][INFO]: Making GET request to https://ax-api.pertest.tech/web/crypto/get-fiat-fee?id=a8e5f514-0016-4062-afef-7b86126a6506
[2026-01-07 16:18:53,638][pay_out.py 38][INFO]: 获取提现手续费结果: {'rate': {'HKDT': '7.7700077700077700078', 'NGN': '1457.7259475218658892', 'AXCNH': '7.1779264406098366304', 'USD': '1', 'SGD': '1.2815567325942168471', 'HKD': '7.7885866051887563964', 'POL': '7.771638183612723726', 'USDT': '1.0009619244093573925', 'USDC': '1.0003811452163274207', 'XSGD': '1.2790946056743194897', 'ETH': '0.00030749421641738822391', 'ATUSD': '1', 'AVAX': '0.069057749819517570847', 'ATHKD': '7.7885866051887563964', 'BNB': '0.0010899550805750274275', 'TRX': '3.3946981604130668722'}, 'prorate': 0.001524, 'per_count': 0.016244, 'network_per_fee': '3.000000', 'network_prorate_fee': '0.200000'}
[2026-01-07 16:18:53,639][excel_tools.py 406][INFO]: 更新测试用例结果: Wallte_page - 获取pay_out汇率 - {}
[2026-01-07 16:18:53,639][simple_request.py 384][INFO]: Making GET request to https://ax-api.pertest.tech/web/crypto/get-fiat-rate?from_currency=USDT&to_currency=UGX
[2026-01-07 16:18:54,227][pay_out.py 100][INFO]: 获取汇率结果: 3658.02126006
[2026-01-07 16:18:54,227][conftest.py 149][INFO]: 用例 test_pay_out.py::test_pay_out_fee[USDT-UGX-100] 执行通过
[2026-01-07 16:18:54,227][conftest.py 50][INFO]: ---测试结束---test 环境执行完毕
